2020-09-29 08:20:31,910:INFO:PyCaret Classification Module
2020-09-29 08:20:31,910:INFO:version 2.1.2
2020-09-29 08:20:31,910:INFO:Initializing setup()
2020-09-29 08:20:31,910:INFO:USI: 487c
2020-09-29 08:20:31,910:INFO:setup(data=(45532, 78), target=voted, train_size=0.7, sampling=True, sample_estimator=None, categorical_features=None, categorical_imputation=constant, ordinal_features=None,
                    high_cardinality_features=None, high_cardinality_method=frequency, numeric_features=None, numeric_imputation=mean, date_features=None, ignore_features=None, normalize=False,
                    normalize_method=zscore, transformation=False, transformation_method=yeo-johnson, handle_unknown_categorical=True, unknown_categorical_method=least_frequent, pca=False, pca_method=linear,
                    pca_components=None, ignore_low_variance=False, combine_rare_levels=False, rare_level_threshold=0.1, bin_numeric_features=None, remove_outliers=False, outliers_threshold=0.05,
                    remove_multicollinearity=False, multicollinearity_threshold=0.9, remove_perfect_collinearity=False, create_clusters=False, cluster_iter=20,
                    polynomial_features=False, polynomial_degree=2, trigonometry_features=False, polynomial_threshold=0.1, group_features=None,
                    group_names=None, feature_selection=False, feature_selection_threshold=0.8, feature_interaction=False, feature_ratio=False, interaction_threshold=0.01,
                    fix_imbalance=False, fix_imbalance_method=None, data_split_shuffle=True, folds_shuffle=False, n_jobs=-1, html=True, session_id=None, log_experiment=False,
                    experiment_name=None, log_plots=False, log_profile=False, log_data=False, silent=False, verbose=True, profile=False)
2020-09-29 08:20:31,911:INFO:Checking environment
2020-09-29 08:20:31,911:INFO:python_version: 3.8.5
2020-09-29 08:20:31,911:INFO:python_build: ('default', 'Aug  5 2020 09:44:06')
2020-09-29 08:20:31,911:INFO:machine: AMD64
2020-09-29 08:20:31,911:INFO:platform: Windows-10-10.0.19041-SP0
2020-09-29 08:20:31,915:WARNING:cannot find psutil installation. memory not traceable. Install psutil using pip to enable memory logging. 
2020-09-29 08:20:31,919:INFO:Checking libraries
2020-09-29 08:20:31,919:INFO:pd==1.1.0
2020-09-29 08:20:31,919:INFO:numpy==1.18.5
2020-09-29 08:20:33,845:INFO:sklearn==0.23.2
2020-09-29 08:20:36,438:INFO:xgboost==1.2.0
2020-09-29 08:20:36,582:INFO:lightgbm==3.0.0
2020-09-29 08:20:36,702:INFO:catboost==0.24.1
2020-09-29 08:20:38,824:INFO:mlflow==1.11.0
2020-09-29 08:20:38,824:INFO:Checking Exceptions
2020-09-29 08:20:38,824:INFO:Preloading libraries
2020-09-29 08:20:38,824:INFO:Preparing display monitor
2020-09-29 08:20:38,857:INFO:Importing libraries
2020-09-29 08:20:42,366:INFO:Declaring global variables
2020-09-29 08:20:42,370:INFO:Copying data for preprocessing
2020-09-29 08:20:42,382:INFO:Declaring preprocessing parameters
2020-09-29 08:20:42,382:INFO:Importing preprocessing module
2020-09-29 08:20:43,912:INFO:Creating preprocessing pipeline
2020-09-29 08:21:37,852:INFO:Preprocessing pipeline created successfully
2020-09-29 08:21:37,852:INFO:Creating grid variables
2020-09-29 08:21:37,876:INFO:Creating global containers
2020-09-29 08:21:37,965:INFO:Sampling dataset
2020-09-29 08:22:22,886:INFO:create_model_container 0
2020-09-29 08:22:22,886:INFO:master_model_container 0
2020-09-29 08:22:22,890:INFO:display_container 0
2020-09-29 08:22:22,898:INFO:Pipeline(memory=None,
         steps=[('dtypes',
                 DataTypes_Auto_infer(categorical_features=[],
                                      display_types=True, features_todrop=[],
                                      ml_usecase='classification',
                                      numerical_features=[], target='voted',
                                      time_features=[])),
                ('imputer',
                 Simple_Imputer(categorical_strategy='not_available',
                                numeric_strategy='mean',
                                target_variable=None)),
                ('new_levels1',
                 New_Catagorical_Leve...
                ('group', Empty()), ('nonliner', Empty()), ('scaling', Empty()),
                ('P_transform', Empty()), ('pt_target', Empty()),
                ('binn', Empty()), ('rem_outliers', Empty()),
                ('cluster_all', Empty()), ('dummy', Dummify(target='voted')),
                ('fix_perfect', Empty()), ('clean_names', Clean_Colum_Names()),
                ('feature_select', Empty()), ('fix_multi', Empty()),
                ('dfs', Empty()), ('pca', Empty())],
         verbose=False)
2020-09-29 08:22:22,898:INFO:setup() succesfully completed......................................
2020-09-29 08:22:44,556:INFO:Initializing compare_models()
2020-09-29 08:22:44,556:INFO:compare_models(exclude=None, include=None, fold=10, round=4, sort=AUC, n_select=4, turbo=True, verbose=True)
2020-09-29 08:22:44,556:INFO:Checking exceptions
2020-09-29 08:22:44,560:INFO:Preloading libraries
2020-09-29 08:22:44,560:INFO:Preparing display monitor
2020-09-29 08:22:44,589:INFO:Copying training dataset
2020-09-29 08:22:44,589:INFO:Importing libraries
2020-09-29 08:22:44,645:INFO:Importing untrained models
2020-09-29 08:22:44,650:INFO:Import successful
2020-09-29 08:22:44,658:INFO:Defining folds
2020-09-29 08:22:44,658:INFO:Declaring metric variables
2020-09-29 08:22:44,658:INFO:Initializing Logistic Regression
2020-09-29 08:22:44,670:INFO:Initializing Fold 1
2020-09-29 08:22:44,673:INFO:Total runtime is 0.0002662022908528646 minutes
2020-09-29 08:22:44,710:INFO:Fitting Model
2020-09-29 08:22:46,694:INFO:Evaluating Metrics
2020-09-29 08:22:46,722:INFO:Compiling Metrics
2020-09-29 08:22:46,742:INFO:Initializing Fold 2
2020-09-29 08:22:46,742:INFO:Total runtime is 0.03474283218383789 minutes
2020-09-29 08:22:46,794:INFO:Fitting Model
2020-09-29 08:22:48,485:INFO:Evaluating Metrics
2020-09-29 08:22:48,513:INFO:Compiling Metrics
2020-09-29 08:22:48,529:INFO:Initializing Fold 3
2020-09-29 08:22:48,529:INFO:Total runtime is 0.06452958583831787 minutes
2020-09-29 08:22:48,569:INFO:Fitting Model
2020-09-29 08:22:50,155:INFO:Evaluating Metrics
2020-09-29 08:22:50,183:INFO:Compiling Metrics
2020-09-29 08:22:50,203:INFO:Initializing Fold 4
2020-09-29 08:22:50,203:INFO:Total runtime is 0.09241637786229452 minutes
2020-09-29 08:22:50,255:INFO:Fitting Model
2020-09-29 08:22:51,847:INFO:Evaluating Metrics
2020-09-29 08:22:51,875:INFO:Compiling Metrics
2020-09-29 08:22:51,887:INFO:Initializing Fold 5
2020-09-29 08:22:51,887:INFO:Total runtime is 0.12048930724461873 minutes
2020-09-29 08:22:51,919:INFO:Fitting Model
2020-09-29 08:22:53,243:INFO:Evaluating Metrics
2020-09-29 08:22:53,275:INFO:Compiling Metrics
2020-09-29 08:22:53,299:INFO:Initializing Fold 6
2020-09-29 08:22:53,299:INFO:Total runtime is 0.14402995506922403 minutes
2020-09-29 08:22:53,344:INFO:Fitting Model
2020-09-29 08:22:55,268:INFO:Evaluating Metrics
2020-09-29 08:22:55,300:INFO:Compiling Metrics
2020-09-29 08:22:55,320:INFO:Initializing Fold 7
2020-09-29 08:22:55,320:INFO:Total runtime is 0.17771007219950358 minutes
2020-09-29 08:22:55,368:INFO:Fitting Model
2020-09-29 08:22:56,435:INFO:Evaluating Metrics
2020-09-29 08:22:56,463:INFO:Compiling Metrics
2020-09-29 08:22:56,479:INFO:Initializing Fold 8
2020-09-29 08:22:56,479:INFO:Total runtime is 0.19702465931574503 minutes
2020-09-29 08:22:56,523:INFO:Fitting Model
2020-09-29 08:22:58,155:INFO:Evaluating Metrics
2020-09-29 08:22:58,183:INFO:Compiling Metrics
2020-09-29 08:22:58,203:INFO:Initializing Fold 9
2020-09-29 08:22:58,203:INFO:Total runtime is 0.22576469977696736 minutes
2020-09-29 08:22:58,263:INFO:Fitting Model
2020-09-29 08:22:59,910:INFO:Evaluating Metrics
2020-09-29 08:22:59,938:INFO:Compiling Metrics
2020-09-29 08:22:59,954:INFO:Initializing Fold 10
2020-09-29 08:22:59,954:INFO:Total runtime is 0.25493707656860354 minutes
2020-09-29 08:22:59,998:INFO:Fitting Model
2020-09-29 08:23:01,637:INFO:Evaluating Metrics
2020-09-29 08:23:01,665:INFO:Compiling Metrics
2020-09-29 08:23:01,677:INFO:Calculating mean and std
2020-09-29 08:23:01,681:INFO:Creating metrics dataframe
2020-09-29 08:23:01,701:INFO:Initializing K Neighbors Classifier
2020-09-29 08:23:01,717:INFO:Initializing Fold 1
2020-09-29 08:23:01,717:INFO:Total runtime is 0.284320604801178 minutes
2020-09-29 08:23:01,750:INFO:Fitting Model
2020-09-29 08:23:04,359:INFO:Evaluating Metrics
2020-09-29 08:23:23,027:INFO:Compiling Metrics
2020-09-29 08:23:23,039:INFO:Initializing Fold 2
2020-09-29 08:23:23,039:INFO:Total runtime is 0.6396952788035075 minutes
2020-09-29 08:23:23,067:INFO:Fitting Model
2020-09-29 08:23:25,636:INFO:Evaluating Metrics
2020-09-29 08:23:44,147:INFO:Compiling Metrics
2020-09-29 08:23:44,159:INFO:Initializing Fold 3
2020-09-29 08:23:44,159:INFO:Total runtime is 0.9916881521542867 minutes
2020-09-29 08:23:44,191:INFO:Fitting Model
2020-09-29 08:23:46,775:INFO:Evaluating Metrics
2020-09-29 08:24:06,337:INFO:Compiling Metrics
2020-09-29 08:24:06,353:INFO:Initializing Fold 4
2020-09-29 08:24:06,353:INFO:Total runtime is 1.3615873018900553 minutes
2020-09-29 08:24:06,389:INFO:Fitting Model
2020-09-29 08:24:09,178:INFO:Evaluating Metrics
2020-09-29 08:24:27,208:INFO:Compiling Metrics
2020-09-29 08:24:27,224:INFO:Initializing Fold 5
2020-09-29 08:24:27,224:INFO:Total runtime is 1.709446084499359 minutes
2020-09-29 08:24:27,264:INFO:Fitting Model
2020-09-29 08:24:29,890:INFO:Evaluating Metrics
2020-09-29 08:24:47,733:INFO:Compiling Metrics
2020-09-29 08:24:47,741:INFO:Initializing Fold 6
2020-09-29 08:24:47,745:INFO:Total runtime is 2.051451114813487 minutes
2020-09-29 08:24:47,773:INFO:Fitting Model
2020-09-29 08:24:50,015:INFO:Evaluating Metrics
2020-09-29 08:25:05,530:INFO:Compiling Metrics
2020-09-29 08:25:05,542:INFO:Initializing Fold 7
2020-09-29 08:25:05,542:INFO:Total runtime is 2.3480672637621565 minutes
2020-09-29 08:25:05,574:INFO:Fitting Model
2020-09-29 08:25:08,185:INFO:Evaluating Metrics
2020-09-29 08:25:27,392:INFO:Compiling Metrics
2020-09-29 08:25:27,408:INFO:Initializing Fold 8
2020-09-29 08:25:27,412:INFO:Total runtime is 2.712569602330526 minutes
2020-09-29 08:25:27,448:INFO:Fitting Model
2020-09-29 08:25:30,284:INFO:Evaluating Metrics
2020-09-29 08:25:48,048:INFO:Compiling Metrics
2020-09-29 08:25:48,073:INFO:Initializing Fold 9
2020-09-29 08:25:48,073:INFO:Total runtime is 3.0569163084030153 minutes
2020-09-29 08:25:48,128:INFO:Fitting Model
2020-09-29 08:25:53,241:INFO:Evaluating Metrics
2020-09-29 08:26:21,007:INFO:PyCaret Classification Module
2020-09-29 08:26:21,007:INFO:version 2.1.2
2020-09-29 08:26:21,007:INFO:Initializing setup()
2020-09-29 08:26:21,007:INFO:USI: 9145
2020-09-29 08:26:21,007:INFO:setup(data=(45532, 78), target=voted, train_size=0.7, sampling=True, sample_estimator=None, categorical_features=None, categorical_imputation=constant, ordinal_features=None,
                    high_cardinality_features=None, high_cardinality_method=frequency, numeric_features=None, numeric_imputation=mean, date_features=None, ignore_features=None, normalize=False,
                    normalize_method=zscore, transformation=False, transformation_method=yeo-johnson, handle_unknown_categorical=True, unknown_categorical_method=least_frequent, pca=False, pca_method=linear,
                    pca_components=None, ignore_low_variance=False, combine_rare_levels=False, rare_level_threshold=0.1, bin_numeric_features=None, remove_outliers=False, outliers_threshold=0.05,
                    remove_multicollinearity=False, multicollinearity_threshold=0.9, remove_perfect_collinearity=False, create_clusters=False, cluster_iter=20,
                    polynomial_features=False, polynomial_degree=2, trigonometry_features=False, polynomial_threshold=0.1, group_features=None,
                    group_names=None, feature_selection=False, feature_selection_threshold=0.8, feature_interaction=False, feature_ratio=False, interaction_threshold=0.01,
                    fix_imbalance=False, fix_imbalance_method=None, data_split_shuffle=True, folds_shuffle=False, n_jobs=-1, html=True, session_id=None, log_experiment=False,
                    experiment_name=None, log_plots=False, log_profile=False, log_data=False, silent=False, verbose=True, profile=False)
2020-09-29 08:26:21,007:INFO:Checking environment
2020-09-29 08:26:21,007:INFO:python_version: 3.8.5
2020-09-29 08:26:21,011:INFO:python_build: ('default', 'Aug  5 2020 09:44:06')
2020-09-29 08:26:21,011:INFO:machine: AMD64
2020-09-29 08:26:21,011:INFO:platform: Windows-10-10.0.19041-SP0
2020-09-29 08:26:21,015:WARNING:cannot find psutil installation. memory not traceable. Install psutil using pip to enable memory logging. 
2020-09-29 08:26:21,015:INFO:Checking libraries
2020-09-29 08:26:21,015:INFO:pd==1.1.0
2020-09-29 08:26:21,015:INFO:numpy==1.18.5
2020-09-29 08:26:22,986:INFO:sklearn==0.23.2
2020-09-29 08:26:23,178:INFO:xgboost==1.2.0
2020-09-29 08:26:23,284:INFO:lightgbm==3.0.0
2020-09-29 08:26:23,365:INFO:catboost==0.24.1
2020-09-29 08:26:24,934:INFO:mlflow==1.11.0
2020-09-29 08:26:24,934:INFO:Checking Exceptions
2020-09-29 08:26:24,934:INFO:Preloading libraries
2020-09-29 08:26:24,934:INFO:Preparing display monitor
2020-09-29 08:26:24,954:INFO:Importing libraries
2020-09-29 08:26:27,087:INFO:Declaring global variables
2020-09-29 08:26:27,087:INFO:Copying data for preprocessing
2020-09-29 08:26:27,103:INFO:Declaring preprocessing parameters
2020-09-29 08:26:27,103:INFO:Importing preprocessing module
2020-09-29 08:26:27,981:INFO:Creating preprocessing pipeline
2020-09-29 08:26:34,309:INFO:Preprocessing pipeline created successfully
2020-09-29 08:26:34,309:INFO:Creating grid variables
2020-09-29 08:26:34,333:INFO:Creating global containers
2020-09-29 08:26:34,425:INFO:Sampling dataset
2020-09-29 08:26:54,209:INFO:create_model_container 0
2020-09-29 08:26:54,209:INFO:master_model_container 0
2020-09-29 08:26:54,209:INFO:display_container 0
2020-09-29 08:26:54,217:INFO:Pipeline(memory=None,
         steps=[('dtypes',
                 DataTypes_Auto_infer(categorical_features=[],
                                      display_types=True, features_todrop=[],
                                      ml_usecase='classification',
                                      numerical_features=[], target='voted',
                                      time_features=[])),
                ('imputer',
                 Simple_Imputer(categorical_strategy='not_available',
                                numeric_strategy='mean',
                                target_variable=None)),
                ('new_levels1',
                 New_Catagorical_Leve...
                ('group', Empty()), ('nonliner', Empty()), ('scaling', Empty()),
                ('P_transform', Empty()), ('pt_target', Empty()),
                ('binn', Empty()), ('rem_outliers', Empty()),
                ('cluster_all', Empty()), ('dummy', Dummify(target='voted')),
                ('fix_perfect', Empty()), ('clean_names', Clean_Colum_Names()),
                ('feature_select', Empty()), ('fix_multi', Empty()),
                ('dfs', Empty()), ('pca', Empty())],
         verbose=False)
2020-09-29 08:26:54,217:INFO:setup() succesfully completed......................................
